Arguments: 
  /usr/local/Cellar/node/20.1.0/bin/node /usr/local/Cellar/yarn/1.22.19/libexec/bin/yarn.js add angular-rails-templates

PATH: 
  /Users/sunsun/.rbenv/shims:/Library/Frameworks/Python.framework/Versions/3.10/bin:/usr/local/bin:/usr/bin:/bin:/usr/sbin:/sbin:/Library/Apple/usr/bin

Yarn version: 
  1.22.19

Node version: 
  20.1.0

Platform: 
  darwin x64

Trace: 
  Error: https://registry.yarnpkg.com/angular-rails-templates: Not found
      at params.callback [as _callback] (/usr/local/Cellar/yarn/1.22.19/libexec/lib/cli.js:66145:18)
      at self.callback (/usr/local/Cellar/yarn/1.22.19/libexec/lib/cli.js:140890:22)
      at Request.emit (node:events:511:28)
      at Request.<anonymous> (/usr/local/Cellar/yarn/1.22.19/libexec/lib/cli.js:141862:10)
      at Request.emit (node:events:511:28)
      at IncomingMessage.<anonymous> (/usr/local/Cellar/yarn/1.22.19/libexec/lib/cli.js:141784:12)
      at Object.onceWrapper (node:events:625:28)
      at IncomingMessage.emit (node:events:523:35)
      at endReadableNT (node:internal/streams/readable:1367:12)
      at process.processTicksAndRejections (node:internal/process/task_queues:82:21)

npm manifest: 
  {
    "dependencies": {
      "angular": "^1.8.3",
      "angular-resource": "^1.8.3"
    }
  }

yarn manifest: 
  No manifest

Lockfile: 
  No lockfile
